2024-04-29 18:42:47,392 [Worker-2: Loading available Gradle versions] INFO  o.e.b.c.i.u.g.PublishedGradleVersions - Gradle version information cache is up-to-date. Trying to read.
2024-04-29 18:46:16,723 [Worker-4: Loading available Gradle versions] INFO  o.e.b.c.i.u.g.PublishedGradleVersions - Gradle version information cache is up-to-date. Trying to read.
2024-04-29 18:50:17,033 [Worker-5: Loading available Gradle versions] INFO  o.e.b.c.i.u.g.PublishedGradleVersions - Gradle version information cache is up-to-date. Trying to read.
2024-04-29 18:53:29,615 [Worker-15: Importing Maven projects] INFO  o.e.m.c.i.l.LifecycleMappingFactory - Using org.eclipse.m2e.jdt.JarLifecycleMapping lifecycle mapping for MavenProject: com.Alg:com.Cobra:0.0.1-SNAPSHOT @ C:\Users\ashish.juyal\test\demo10\com.Cobra\pom.xml.
2024-04-29 18:53:30,777 [Worker-15: Importing Maven projects] INFO  o.e.m.j.i.AbstractJavaProjectConfigurator - Adding source folder /com.Cobra/src/main/java
2024-04-29 18:53:30,780 [Worker-15: Importing Maven projects] INFO  o.e.m.j.i.AbstractJavaProjectConfigurator - Adding resource folder /com.Cobra/src/main/resources
2024-04-29 18:53:30,782 [Worker-15: Importing Maven projects] INFO  o.e.m.j.i.AbstractJavaProjectConfigurator - Adding source folder /com.Cobra/src/test/java
2024-04-29 18:53:30,783 [Worker-15: Importing Maven projects] INFO  o.e.m.j.i.AbstractJavaProjectConfigurator - Adding resource folder /com.Cobra/src/test/resources
2024-04-29 18:53:31,100 [Worker-15: Importing Maven projects] INFO  o.e.m.c.i.p.ProjectConfigurationManager - Imported and configured 1 project(s) in 2 sec
2024-04-29 18:53:32,517 [Worker-18: Building] WARN  o.a.m.s.f.DefaultMavenResourcesFiltering - Using platform encoding (UTF-8 actually) to copy filtered resources, i.e. build is platform dependent!
2024-04-29 18:53:32,523 [Worker-18: Building] INFO  o.a.m.s.f.DefaultMavenResourcesFiltering - Copying 0 resource from src\main\resources to target\classes
2024-04-29 18:53:32,528 [Worker-18: Building] WARN  o.a.m.s.f.DefaultMavenResourcesFiltering - Using platform encoding (UTF-8 actually) to copy filtered resources, i.e. build is platform dependent!
2024-04-29 18:53:32,531 [Worker-18: Building] INFO  o.a.m.s.f.DefaultMavenResourcesFiltering - Copying 0 resource from src\test\resources to target\test-classes
2024-04-30 15:07:39,097 [Worker-65: Creating project "DataBuild"] INFO  o.e.m.c.i.l.LifecycleMappingFactory - Using org.eclipse.m2e.jdt.JarLifecycleMapping lifecycle mapping for MavenProject: com.Cobra:DataBuild:0.0.1-SNAPSHOT @ C:\Users\ashish.juyal\OneDrive - Alegeus Technologies LLC\Desktop\maven\cicd-project\CICD\DataBuild\pom.xml.
2024-04-30 15:07:39,480 [Worker-65: Creating project "DataBuild"] INFO  o.e.m.j.i.AbstractJavaProjectConfigurator - Adding source folder /DataBuild/src/main/java
2024-04-30 15:07:39,484 [Worker-65: Creating project "DataBuild"] INFO  o.e.m.j.i.AbstractJavaProjectConfigurator - Adding resource folder /DataBuild/src/main/resources
2024-04-30 15:07:39,484 [Worker-65: Creating project "DataBuild"] INFO  o.e.m.j.i.AbstractJavaProjectConfigurator - Adding source folder /DataBuild/src/test/java
2024-04-30 15:07:39,487 [Worker-65: Creating project "DataBuild"] INFO  o.e.m.j.i.AbstractJavaProjectConfigurator - Adding resource folder /DataBuild/src/test/resources
2024-04-30 15:07:39,908 [Worker-58: Building] WARN  o.a.m.s.f.DefaultMavenResourcesFiltering - Using platform encoding (UTF-8 actually) to copy filtered resources, i.e. build is platform dependent!
2024-04-30 15:07:39,911 [Worker-58: Building] INFO  o.a.m.s.f.DefaultMavenResourcesFiltering - Copying 0 resource from src\main\resources to target\classes
2024-04-30 15:07:39,914 [Worker-58: Building] WARN  o.a.m.s.f.DefaultMavenResourcesFiltering - Using platform encoding (UTF-8 actually) to copy filtered resources, i.e. build is platform dependent!
2024-04-30 15:07:39,916 [Worker-58: Building] INFO  o.a.m.s.f.DefaultMavenResourcesFiltering - Copying 0 resource from src\test\resources to target\test-classes
2024-04-30 15:08:11,424 [Worker-64: Building] WARN  o.a.m.s.f.DefaultMavenResourcesFiltering - Using platform encoding (UTF-8 actually) to copy filtered resources, i.e. build is platform dependent!
2024-04-30 15:08:11,431 [Worker-64: Building] INFO  o.a.m.s.f.DefaultMavenResourcesFiltering - Copying 0 resource from src\main\resources to target\classes
2024-04-30 15:08:11,435 [Worker-64: Building] WARN  o.a.m.s.f.DefaultMavenResourcesFiltering - Using platform encoding (UTF-8 actually) to copy filtered resources, i.e. build is platform dependent!
2024-04-30 15:08:11,439 [Worker-64: Building] INFO  o.a.m.s.f.DefaultMavenResourcesFiltering - Copying 0 resource from src\test\resources to target\test-classes
2024-04-30 15:09:42,880 [Worker-45: Launching Executing install in C__Users_ashish.juyal_OneDrive - Alegeus Technologies LLC_Desktop_maven_cicd-project_CICD_DataBuild] INFO  o.eclipse.m2e.core.internal.Bundles - getClasspathEntries(Bundle=org.eclipse.m2e.maven.runtime_3.9.600.20231203-1234 [297])
2024-04-30 15:09:42,883 [Worker-45: Launching Executing install in C__Users_ashish.juyal_OneDrive - Alegeus Technologies LLC_Desktop_maven_cicd-project_CICD_DataBuild] INFO  o.eclipse.m2e.core.internal.Bundles - 	Entry: C:\Users\ashish.juyal\.p2\pool\plugins\org.eclipse.m2e.maven.runtime_3.9.600.20231203-1234
2024-04-30 15:09:42,883 [Worker-45: Launching Executing install in C__Users_ashish.juyal_OneDrive - Alegeus Technologies LLC_Desktop_maven_cicd-project_CICD_DataBuild] INFO  o.eclipse.m2e.core.internal.Bundles - 	Entry: C:\Users\ashish.juyal\.p2\pool\plugins\org.eclipse.m2e.maven.runtime_3.9.600.20231203-1234\jars\aopalliance-1.0.jar
2024-04-30 15:09:42,883 [Worker-45: Launching Executing install in C__Users_ashish.juyal_OneDrive - Alegeus Technologies LLC_Desktop_maven_cicd-project_CICD_DataBuild] INFO  o.eclipse.m2e.core.internal.Bundles - 	Entry: C:\Users\ashish.juyal\.p2\pool\plugins\org.eclipse.m2e.maven.runtime_3.9.600.20231203-1234\jars\guice-5.1.0.jar
2024-04-30 15:09:42,883 [Worker-45: Launching Executing install in C__Users_ashish.juyal_OneDrive - Alegeus Technologies LLC_Desktop_maven_cicd-project_CICD_DataBuild] INFO  o.eclipse.m2e.core.internal.Bundles - 	Entry: C:\Users\ashish.juyal\.p2\pool\plugins\org.eclipse.m2e.maven.runtime_3.9.600.20231203-1234\jars\httpclient-4.5.14.jar
2024-04-30 15:09:42,884 [Worker-45: Launching Executing install in C__Users_ashish.juyal_OneDrive - Alegeus Technologies LLC_Desktop_maven_cicd-project_CICD_DataBuild] INFO  o.eclipse.m2e.core.internal.Bundles - 	Entry: C:\Users\ashish.juyal\.p2\pool\plugins\org.eclipse.m2e.maven.runtime_3.9.600.20231203-1234\jars\httpcore-4.4.16.jar
2024-04-30 15:09:42,884 [Worker-45: Launching Executing install in C__Users_ashish.juyal_OneDrive - Alegeus Technologies LLC_Desktop_maven_cicd-project_CICD_DataBuild] INFO  o.eclipse.m2e.core.internal.Bundles - 	Entry: C:\Users\ashish.juyal\.p2\pool\plugins\org.eclipse.m2e.maven.runtime_3.9.600.20231203-1234\jars\jansi-2.4.0.jar
2024-04-30 15:09:42,884 [Worker-45: Launching Executing install in C__Users_ashish.juyal_OneDrive - Alegeus Technologies LLC_Desktop_maven_cicd-project_CICD_DataBuild] INFO  o.eclipse.m2e.core.internal.Bundles - 	Entry: C:\Users\ashish.juyal\.p2\pool\plugins\org.eclipse.m2e.maven.runtime_3.9.600.20231203-1234\jars\jcl-over-slf4j-1.7.36.jar
2024-04-30 15:09:42,885 [Worker-45: Launching Executing install in C__Users_ashish.juyal_OneDrive - Alegeus Technologies LLC_Desktop_maven_cicd-project_CICD_DataBuild] INFO  o.eclipse.m2e.core.internal.Bundles - 	Entry: C:\Users\ashish.juyal\.p2\pool\plugins\org.eclipse.m2e.maven.runtime_3.9.600.20231203-1234\jars\maven-artifact-3.9.6.jar
2024-04-30 15:09:42,885 [Worker-45: Launching Executing install in C__Users_ashish.juyal_OneDrive - Alegeus Technologies LLC_Desktop_maven_cicd-project_CICD_DataBuild] INFO  o.eclipse.m2e.core.internal.Bundles - 	Entry: C:\Users\ashish.juyal\.p2\pool\plugins\org.eclipse.m2e.maven.runtime_3.9.600.20231203-1234\jars\maven-builder-support-3.9.6.jar
2024-04-30 15:09:42,885 [Worker-45: Launching Executing install in C__Users_ashish.juyal_OneDrive - Alegeus Technologies LLC_Desktop_maven_cicd-project_CICD_DataBuild] INFO  o.eclipse.m2e.core.internal.Bundles - 	Entry: C:\Users\ashish.juyal\.p2\pool\plugins\org.eclipse.m2e.maven.runtime_3.9.600.20231203-1234\jars\maven-compat-3.9.6.jar
2024-04-30 15:09:42,885 [Worker-45: Launching Executing install in C__Users_ashish.juyal_OneDrive - Alegeus Technologies LLC_Desktop_maven_cicd-project_CICD_DataBuild] INFO  o.eclipse.m2e.core.internal.Bundles - 	Entry: C:\Users\ashish.juyal\.p2\pool\plugins\org.eclipse.m2e.maven.runtime_3.9.600.20231203-1234\jars\maven-core-3.9.6.jar
2024-04-30 15:09:42,885 [Worker-45: Launching Executing install in C__Users_ashish.juyal_OneDrive - Alegeus Technologies LLC_Desktop_maven_cicd-project_CICD_DataBuild] INFO  o.eclipse.m2e.core.internal.Bundles - 	Entry: C:\Users\ashish.juyal\.p2\pool\plugins\org.eclipse.m2e.maven.runtime_3.9.600.20231203-1234\jars\maven-embedder-3.9.6.jar
2024-04-30 15:09:42,886 [Worker-45: Launching Executing install in C__Users_ashish.juyal_OneDrive - Alegeus Technologies LLC_Desktop_maven_cicd-project_CICD_DataBuild] INFO  o.eclipse.m2e.core.internal.Bundles - 	Entry: C:\Users\ashish.juyal\.p2\pool\plugins\org.eclipse.m2e.maven.runtime_3.9.600.20231203-1234\jars\maven-model-3.9.6.jar
2024-04-30 15:09:42,886 [Worker-45: Launching Executing install in C__Users_ashish.juyal_OneDrive - Alegeus Technologies LLC_Desktop_maven_cicd-project_CICD_DataBuild] INFO  o.eclipse.m2e.core.internal.Bundles - 	Entry: C:\Users\ashish.juyal\.p2\pool\plugins\org.eclipse.m2e.maven.runtime_3.9.600.20231203-1234\jars\maven-model-builder-3.9.6.jar
2024-04-30 15:09:42,886 [Worker-45: Launching Executing install in C__Users_ashish.juyal_OneDrive - Alegeus Technologies LLC_Desktop_maven_cicd-project_CICD_DataBuild] INFO  o.eclipse.m2e.core.internal.Bundles - 	Entry: C:\Users\ashish.juyal\.p2\pool\plugins\org.eclipse.m2e.maven.runtime_3.9.600.20231203-1234\jars\maven-plugin-api-3.9.6.jar
2024-04-30 15:09:42,886 [Worker-45: Launching Executing install in C__Users_ashish.juyal_OneDrive - Alegeus Technologies LLC_Desktop_maven_cicd-project_CICD_DataBuild] INFO  o.eclipse.m2e.core.internal.Bundles - 	Entry: C:\Users\ashish.juyal\.p2\pool\plugins\org.eclipse.m2e.maven.runtime_3.9.600.20231203-1234\jars\maven-repository-metadata-3.9.6.jar
2024-04-30 15:09:42,887 [Worker-45: Launching Executing install in C__Users_ashish.juyal_OneDrive - Alegeus Technologies LLC_Desktop_maven_cicd-project_CICD_DataBuild] INFO  o.eclipse.m2e.core.internal.Bundles - 	Entry: C:\Users\ashish.juyal\.p2\pool\plugins\org.eclipse.m2e.maven.runtime_3.9.600.20231203-1234\jars\maven-resolver-api-1.9.18.jar
2024-04-30 15:09:42,887 [Worker-45: Launching Executing install in C__Users_ashish.juyal_OneDrive - Alegeus Technologies LLC_Desktop_maven_cicd-project_CICD_DataBuild] INFO  o.eclipse.m2e.core.internal.Bundles - 	Entry: C:\Users\ashish.juyal\.p2\pool\plugins\org.eclipse.m2e.maven.runtime_3.9.600.20231203-1234\jars\maven-resolver-connector-basic-1.9.18.jar
2024-04-30 15:09:42,887 [Worker-45: Launching Executing install in C__Users_ashish.juyal_OneDrive - Alegeus Technologies LLC_Desktop_maven_cicd-project_CICD_DataBuild] INFO  o.eclipse.m2e.core.internal.Bundles - 	Entry: C:\Users\ashish.juyal\.p2\pool\plugins\org.eclipse.m2e.maven.runtime_3.9.600.20231203-1234\jars\maven-resolver-impl-1.9.18.jar
2024-04-30 15:09:42,887 [Worker-45: Launching Executing install in C__Users_ashish.juyal_OneDrive - Alegeus Technologies LLC_Desktop_maven_cicd-project_CICD_DataBuild] INFO  o.eclipse.m2e.core.internal.Bundles - 	Entry: C:\Users\ashish.juyal\.p2\pool\plugins\org.eclipse.m2e.maven.runtime_3.9.600.20231203-1234\jars\maven-resolver-named-locks-1.9.18.jar
2024-04-30 15:09:42,887 [Worker-45: Launching Executing install in C__Users_ashish.juyal_OneDrive - Alegeus Technologies LLC_Desktop_maven_cicd-project_CICD_DataBuild] INFO  o.eclipse.m2e.core.internal.Bundles - 	Entry: C:\Users\ashish.juyal\.p2\pool\plugins\org.eclipse.m2e.maven.runtime_3.9.600.20231203-1234\jars\maven-resolver-provider-3.9.6.jar
2024-04-30 15:09:42,887 [Worker-45: Launching Executing install in C__Users_ashish.juyal_OneDrive - Alegeus Technologies LLC_Desktop_maven_cicd-project_CICD_DataBuild] INFO  o.eclipse.m2e.core.internal.Bundles - 	Entry: C:\Users\ashish.juyal\.p2\pool\plugins\org.eclipse.m2e.maven.runtime_3.9.600.20231203-1234\jars\maven-resolver-spi-1.9.18.jar
2024-04-30 15:09:42,888 [Worker-45: Launching Executing install in C__Users_ashish.juyal_OneDrive - Alegeus Technologies LLC_Desktop_maven_cicd-project_CICD_DataBuild] INFO  o.eclipse.m2e.core.internal.Bundles - 	Entry: C:\Users\ashish.juyal\.p2\pool\plugins\org.eclipse.m2e.maven.runtime_3.9.600.20231203-1234\jars\maven-resolver-transport-file-1.9.18.jar
2024-04-30 15:09:42,888 [Worker-45: Launching Executing install in C__Users_ashish.juyal_OneDrive - Alegeus Technologies LLC_Desktop_maven_cicd-project_CICD_DataBuild] INFO  o.eclipse.m2e.core.internal.Bundles - 	Entry: C:\Users\ashish.juyal\.p2\pool\plugins\org.eclipse.m2e.maven.runtime_3.9.600.20231203-1234\jars\maven-resolver-transport-http-1.9.18.jar
2024-04-30 15:09:42,888 [Worker-45: Launching Executing install in C__Users_ashish.juyal_OneDrive - Alegeus Technologies LLC_Desktop_maven_cicd-project_CICD_DataBuild] INFO  o.eclipse.m2e.core.internal.Bundles - 	Entry: C:\Users\ashish.juyal\.p2\pool\plugins\org.eclipse.m2e.maven.runtime_3.9.600.20231203-1234\jars\maven-resolver-transport-wagon-1.9.18.jar
2024-04-30 15:09:42,888 [Worker-45: Launching Executing install in C__Users_ashish.juyal_OneDrive - Alegeus Technologies LLC_Desktop_maven_cicd-project_CICD_DataBuild] INFO  o.eclipse.m2e.core.internal.Bundles - 	Entry: C:\Users\ashish.juyal\.p2\pool\plugins\org.eclipse.m2e.maven.runtime_3.9.600.20231203-1234\jars\maven-resolver-util-1.9.18.jar
2024-04-30 15:09:42,889 [Worker-45: Launching Executing install in C__Users_ashish.juyal_OneDrive - Alegeus Technologies LLC_Desktop_maven_cicd-project_CICD_DataBuild] INFO  o.eclipse.m2e.core.internal.Bundles - 	Entry: C:\Users\ashish.juyal\.p2\pool\plugins\org.eclipse.m2e.maven.runtime_3.9.600.20231203-1234\jars\maven-settings-3.9.6.jar
2024-04-30 15:09:42,889 [Worker-45: Launching Executing install in C__Users_ashish.juyal_OneDrive - Alegeus Technologies LLC_Desktop_maven_cicd-project_CICD_DataBuild] INFO  o.eclipse.m2e.core.internal.Bundles - 	Entry: C:\Users\ashish.juyal\.p2\pool\plugins\org.eclipse.m2e.maven.runtime_3.9.600.20231203-1234\jars\maven-settings-builder-3.9.6.jar
2024-04-30 15:09:42,889 [Worker-45: Launching Executing install in C__Users_ashish.juyal_OneDrive - Alegeus Technologies LLC_Desktop_maven_cicd-project_CICD_DataBuild] INFO  o.eclipse.m2e.core.internal.Bundles - 	Entry: C:\Users\ashish.juyal\.p2\pool\plugins\org.eclipse.m2e.maven.runtime_3.9.600.20231203-1234\jars\maven-shared-utils-3.3.4.jar
2024-04-30 15:09:42,889 [Worker-45: Launching Executing install in C__Users_ashish.juyal_OneDrive - Alegeus Technologies LLC_Desktop_maven_cicd-project_CICD_DataBuild] INFO  o.eclipse.m2e.core.internal.Bundles - 	Entry: C:\Users\ashish.juyal\.p2\pool\plugins\org.eclipse.m2e.maven.runtime_3.9.600.20231203-1234\jars\org.eclipse.sisu.inject-0.9.0.M2.jar
2024-04-30 15:09:42,889 [Worker-45: Launching Executing install in C__Users_ashish.juyal_OneDrive - Alegeus Technologies LLC_Desktop_maven_cicd-project_CICD_DataBuild] INFO  o.eclipse.m2e.core.internal.Bundles - 	Entry: C:\Users\ashish.juyal\.p2\pool\plugins\org.eclipse.m2e.maven.runtime_3.9.600.20231203-1234\jars\org.eclipse.sisu.plexus-0.9.0.M2.jar
2024-04-30 15:09:42,889 [Worker-45: Launching Executing install in C__Users_ashish.juyal_OneDrive - Alegeus Technologies LLC_Desktop_maven_cicd-project_CICD_DataBuild] INFO  o.eclipse.m2e.core.internal.Bundles - 	Entry: C:\Users\ashish.juyal\.p2\pool\plugins\org.eclipse.m2e.maven.runtime_3.9.600.20231203-1234\jars\plexus-build-api-0.0.7.jar
2024-04-30 15:09:42,890 [Worker-45: Launching Executing install in C__Users_ashish.juyal_OneDrive - Alegeus Technologies LLC_Desktop_maven_cicd-project_CICD_DataBuild] INFO  o.eclipse.m2e.core.internal.Bundles - 	Entry: C:\Users\ashish.juyal\.p2\pool\plugins\org.eclipse.m2e.maven.runtime_3.9.600.20231203-1234\jars\plexus-cipher-2.0.jar
2024-04-30 15:09:42,890 [Worker-45: Launching Executing install in C__Users_ashish.juyal_OneDrive - Alegeus Technologies LLC_Desktop_maven_cicd-project_CICD_DataBuild] INFO  o.eclipse.m2e.core.internal.Bundles - 	Entry: C:\Users\ashish.juyal\.p2\pool\plugins\org.eclipse.m2e.maven.runtime_3.9.600.20231203-1234\jars\plexus-classworlds-2.7.0.jar
2024-04-30 15:09:42,890 [Worker-45: Launching Executing install in C__Users_ashish.juyal_OneDrive - Alegeus Technologies LLC_Desktop_maven_cicd-project_CICD_DataBuild] INFO  o.eclipse.m2e.core.internal.Bundles - 	Entry: C:\Users\ashish.juyal\.p2\pool\plugins\org.eclipse.m2e.maven.runtime_3.9.600.20231203-1234\jars\plexus-component-annotations-2.1.0.jar
2024-04-30 15:09:42,890 [Worker-45: Launching Executing install in C__Users_ashish.juyal_OneDrive - Alegeus Technologies LLC_Desktop_maven_cicd-project_CICD_DataBuild] INFO  o.eclipse.m2e.core.internal.Bundles - 	Entry: C:\Users\ashish.juyal\.p2\pool\plugins\org.eclipse.m2e.maven.runtime_3.9.600.20231203-1234\jars\plexus-interpolation-1.26.jar
2024-04-30 15:09:42,890 [Worker-45: Launching Executing install in C__Users_ashish.juyal_OneDrive - Alegeus Technologies LLC_Desktop_maven_cicd-project_CICD_DataBuild] INFO  o.eclipse.m2e.core.internal.Bundles - 	Entry: C:\Users\ashish.juyal\.p2\pool\plugins\org.eclipse.m2e.maven.runtime_3.9.600.20231203-1234\jars\plexus-sec-dispatcher-2.0.jar
2024-04-30 15:09:42,890 [Worker-45: Launching Executing install in C__Users_ashish.juyal_OneDrive - Alegeus Technologies LLC_Desktop_maven_cicd-project_CICD_DataBuild] INFO  o.eclipse.m2e.core.internal.Bundles - 	Entry: C:\Users\ashish.juyal\.p2\pool\plugins\org.eclipse.m2e.maven.runtime_3.9.600.20231203-1234\jars\plexus-utils-3.5.1.jar
2024-04-30 15:09:42,891 [Worker-45: Launching Executing install in C__Users_ashish.juyal_OneDrive - Alegeus Technologies LLC_Desktop_maven_cicd-project_CICD_DataBuild] INFO  o.eclipse.m2e.core.internal.Bundles - 	Entry: C:\Users\ashish.juyal\.p2\pool\plugins\org.eclipse.m2e.maven.runtime_3.9.600.20231203-1234\jars\wagon-file-3.5.3.jar
2024-04-30 15:09:42,891 [Worker-45: Launching Executing install in C__Users_ashish.juyal_OneDrive - Alegeus Technologies LLC_Desktop_maven_cicd-project_CICD_DataBuild] INFO  o.eclipse.m2e.core.internal.Bundles - 	Entry: C:\Users\ashish.juyal\.p2\pool\plugins\org.eclipse.m2e.maven.runtime_3.9.600.20231203-1234\jars\wagon-http-3.5.3.jar
2024-04-30 15:09:42,891 [Worker-45: Launching Executing install in C__Users_ashish.juyal_OneDrive - Alegeus Technologies LLC_Desktop_maven_cicd-project_CICD_DataBuild] INFO  o.eclipse.m2e.core.internal.Bundles - 	Entry: C:\Users\ashish.juyal\.p2\pool\plugins\org.eclipse.m2e.maven.runtime_3.9.600.20231203-1234\jars\wagon-http-shared-3.5.3.jar
2024-04-30 15:09:42,891 [Worker-45: Launching Executing install in C__Users_ashish.juyal_OneDrive - Alegeus Technologies LLC_Desktop_maven_cicd-project_CICD_DataBuild] INFO  o.eclipse.m2e.core.internal.Bundles - 	Entry: C:\Users\ashish.juyal\.p2\pool\plugins\org.eclipse.m2e.maven.runtime_3.9.600.20231203-1234\jars\wagon-provider-api-3.5.3.jar
2024-04-30 15:09:42,892 [Worker-45: Launching Executing install in C__Users_ashish.juyal_OneDrive - Alegeus Technologies LLC_Desktop_maven_cicd-project_CICD_DataBuild] INFO  o.eclipse.m2e.core.internal.Bundles - getClasspathEntries(Bundle=com.google.guava_33.0.0.jre [10])
2024-04-30 15:09:42,893 [Worker-45: Launching Executing install in C__Users_ashish.juyal_OneDrive - Alegeus Technologies LLC_Desktop_maven_cicd-project_CICD_DataBuild] INFO  o.eclipse.m2e.core.internal.Bundles - 	Entry: C:\Users\ashish.juyal\.p2\pool\plugins\com.google.guava_33.0.0.jre.jar
2024-04-30 15:09:42,893 [Worker-45: Launching Executing install in C__Users_ashish.juyal_OneDrive - Alegeus Technologies LLC_Desktop_maven_cicd-project_CICD_DataBuild] INFO  o.eclipse.m2e.core.internal.Bundles - getClasspathEntries(Bundle=slf4j.api_2.0.12 [519])
2024-04-30 15:09:42,894 [Worker-45: Launching Executing install in C__Users_ashish.juyal_OneDrive - Alegeus Technologies LLC_Desktop_maven_cicd-project_CICD_DataBuild] INFO  o.eclipse.m2e.core.internal.Bundles - 	Entry: C:\Users\ashish.juyal\.p2\pool\plugins\slf4j.api_2.0.12.jar
2024-04-30 15:09:42,894 [Worker-45: Launching Executing install in C__Users_ashish.juyal_OneDrive - Alegeus Technologies LLC_Desktop_maven_cicd-project_CICD_DataBuild] INFO  o.eclipse.m2e.core.internal.Bundles - getClasspathEntries(Bundle=jakarta.inject.jakarta.inject-api_1.0.5 [22])
2024-04-30 15:09:42,895 [Worker-45: Launching Executing install in C__Users_ashish.juyal_OneDrive - Alegeus Technologies LLC_Desktop_maven_cicd-project_CICD_DataBuild] INFO  o.eclipse.m2e.core.internal.Bundles - 	Entry: C:\Users\ashish.juyal\.p2\pool\plugins\jakarta.inject.jakarta.inject-api_1.0.5.jar
2024-04-30 15:09:42,895 [Worker-45: Launching Executing install in C__Users_ashish.juyal_OneDrive - Alegeus Technologies LLC_Desktop_maven_cicd-project_CICD_DataBuild] INFO  o.eclipse.m2e.core.internal.Bundles - getClasspathEntries(Bundle=jakarta.annotation-api_1.3.5 [20])
2024-04-30 15:09:42,896 [Worker-45: Launching Executing install in C__Users_ashish.juyal_OneDrive - Alegeus Technologies LLC_Desktop_maven_cicd-project_CICD_DataBuild] INFO  o.eclipse.m2e.core.internal.Bundles - 	Entry: C:\Users\ashish.juyal\.p2\pool\plugins\jakarta.annotation-api_1.3.5.jar
2024-04-30 15:09:42,896 [Worker-45: Launching Executing install in C__Users_ashish.juyal_OneDrive - Alegeus Technologies LLC_Desktop_maven_cicd-project_CICD_DataBuild] INFO  o.eclipse.m2e.core.internal.Bundles - getClasspathEntries(Bundle=org.apache.commons.cli_1.6.0 [46])
2024-04-30 15:09:42,897 [Worker-45: Launching Executing install in C__Users_ashish.juyal_OneDrive - Alegeus Technologies LLC_Desktop_maven_cicd-project_CICD_DataBuild] INFO  o.eclipse.m2e.core.internal.Bundles - 	Entry: C:\Users\ashish.juyal\.p2\pool\plugins\org.apache.commons.cli_1.6.0.jar
2024-04-30 15:09:42,897 [Worker-45: Launching Executing install in C__Users_ashish.juyal_OneDrive - Alegeus Technologies LLC_Desktop_maven_cicd-project_CICD_DataBuild] INFO  o.eclipse.m2e.core.internal.Bundles - getClasspathEntries(Bundle=org.apache.commons.commons-codec_1.16.0 [47])
2024-04-30 15:09:42,898 [Worker-45: Launching Executing install in C__Users_ashish.juyal_OneDrive - Alegeus Technologies LLC_Desktop_maven_cicd-project_CICD_DataBuild] INFO  o.eclipse.m2e.core.internal.Bundles - 	Entry: C:\Users\ashish.juyal\.p2\pool\plugins\org.apache.commons.commons-codec_1.16.0.jar
2024-04-30 15:09:42,898 [Worker-45: Launching Executing install in C__Users_ashish.juyal_OneDrive - Alegeus Technologies LLC_Desktop_maven_cicd-project_CICD_DataBuild] INFO  o.eclipse.m2e.core.internal.Bundles - getClasspathEntries(Bundle=org.apache.commons.lang3_3.14.0 [53])
2024-04-30 15:09:42,898 [Worker-45: Launching Executing install in C__Users_ashish.juyal_OneDrive - Alegeus Technologies LLC_Desktop_maven_cicd-project_CICD_DataBuild] INFO  o.eclipse.m2e.core.internal.Bundles - 	Entry: C:\Users\ashish.juyal\.p2\pool\plugins\org.apache.commons.lang3_3.14.0.jar
2024-04-30 15:09:42,898 [Worker-45: Launching Executing install in C__Users_ashish.juyal_OneDrive - Alegeus Technologies LLC_Desktop_maven_cicd-project_CICD_DataBuild] INFO  o.eclipse.m2e.core.internal.Bundles - getClasspathEntries(Bundle=com.google.guava.failureaccess_1.0.2 [11])
2024-04-30 15:09:42,899 [Worker-45: Launching Executing install in C__Users_ashish.juyal_OneDrive - Alegeus Technologies LLC_Desktop_maven_cicd-project_CICD_DataBuild] INFO  o.eclipse.m2e.core.internal.Bundles - 	Entry: C:\Users\ashish.juyal\.p2\pool\plugins\com.google.guava.failureaccess_1.0.2.jar
2024-04-30 15:09:42,905 [Worker-45: Launching Executing install in C__Users_ashish.juyal_OneDrive - Alegeus Technologies LLC_Desktop_maven_cicd-project_CICD_DataBuild] INFO  o.e.m.i.launch.MavenLaunchDelegate - Run build in "C:\Users\ashish.juyal\OneDrive - Alegeus Technologies LLC\Desktop\maven\cicd-project\CICD\DataBuild":
2024-04-30 15:09:42,910 [Worker-45: Launching Executing install in C__Users_ashish.juyal_OneDrive - Alegeus Technologies LLC_Desktop_maven_cicd-project_CICD_DataBuild] INFO  o.e.m.i.launch.MavenLaunchDelegate -  mvn  -B -Dstyle.color=always install
2024-04-30 15:09:54,613 [Worker-58: Building] WARN  o.a.m.s.f.DefaultMavenResourcesFiltering - Using platform encoding (UTF-8 actually) to copy filtered resources, i.e. build is platform dependent!
2024-04-30 15:09:54,616 [Worker-58: Building] INFO  o.a.m.s.f.DefaultMavenResourcesFiltering - Copying 0 resource from src\main\resources to target\classes
2024-04-30 15:09:54,619 [Worker-58: Building] WARN  o.a.m.s.f.DefaultMavenResourcesFiltering - Using platform encoding (UTF-8 actually) to copy filtered resources, i.e. build is platform dependent!
2024-04-30 15:09:54,623 [Worker-58: Building] INFO  o.a.m.s.f.DefaultMavenResourcesFiltering - Copying 0 resource from src\test\resources to target\test-classes
2024-04-30 15:10:00,655 [Worker-65: Building] INFO  o.e.m.c.i.l.LifecycleMappingFactory - Using org.eclipse.m2e.jdt.JarLifecycleMapping lifecycle mapping for MavenProject: com.Cobra:DataBuild:0.0.1-SNAPSHOT @ C:\Users\ashish.juyal\OneDrive - Alegeus Technologies LLC\Desktop\maven\cicd-project\CICD\DataBuild\pom.xml.
2024-04-30 15:10:01,127 [Worker-65: Building] INFO  o.e.m.c.i.e.AbstractTransferListenerAdapter - Downloading https://repo.maven.apache.org/maven2/org/testng/testng/maven-metadata.xml
2024-04-30 15:10:01,164 [Worker-65: Building] INFO  o.e.m.c.i.e.AbstractTransferListenerAdapter - Downloaded https://repo.maven.apache.org/maven2/org/testng/testng/maven-metadata.xml
2024-04-30 15:10:01,965 [Worker-65: Building] INFO  o.e.m.c.i.p.WorkspaceClassifierResolverManager - Resolving P/com.Cobra: com.Alg:com.Cobra:0.0.1-SNAPSHOT with classifier  to /com.Cobra/target/classes
2024-04-30 15:10:02,266 [Worker-65: Building] WARN  o.a.m.s.f.DefaultMavenResourcesFiltering - Using platform encoding (UTF-8 actually) to copy filtered resources, i.e. build is platform dependent!
2024-04-30 15:10:02,270 [Worker-65: Building] INFO  o.a.m.s.f.DefaultMavenResourcesFiltering - Copying 0 resource from src\main\resources to target\classes
2024-04-30 15:10:02,274 [Worker-65: Building] WARN  o.a.m.s.f.DefaultMavenResourcesFiltering - Using platform encoding (UTF-8 actually) to copy filtered resources, i.e. build is platform dependent!
2024-04-30 15:10:02,277 [Worker-65: Building] INFO  o.a.m.s.f.DefaultMavenResourcesFiltering - Copying 0 resource from src\test\resources to target\test-classes
2024-04-30 15:10:02,409 [Worker-58: Updating Maven Project] INFO  o.e.m.c.i.p.ProjectConfigurationManager - Update started
2024-04-30 15:10:02,521 [Worker-58: Updating Maven Project] INFO  o.e.m.c.i.l.LifecycleMappingFactory - Using org.eclipse.m2e.jdt.JarLifecycleMapping lifecycle mapping for MavenProject: com.Cobra:DataBuild:0.0.1-SNAPSHOT @ C:\Users\ashish.juyal\OneDrive - Alegeus Technologies LLC\Desktop\maven\cicd-project\CICD\DataBuild\pom.xml.
2024-04-30 15:10:03,386 [Worker-58: Updating Maven Project] INFO  o.e.m.c.i.p.WorkspaceClassifierResolverManager - Resolving P/com.Cobra: com.Alg:com.Cobra:0.0.1-SNAPSHOT with classifier  to /com.Cobra/target/classes
2024-04-30 15:10:03,577 [Worker-58: Updating Maven Project] INFO  o.e.m.j.i.AbstractJavaProjectConfigurator - Adding source folder /DataBuild/src/main/java
2024-04-30 15:10:03,579 [Worker-58: Updating Maven Project] INFO  o.e.m.j.i.AbstractJavaProjectConfigurator - Adding resource folder /DataBuild/src/main/resources
2024-04-30 15:10:03,580 [Worker-58: Updating Maven Project] INFO  o.e.m.j.i.AbstractJavaProjectConfigurator - Adding source folder /DataBuild/src/test/java
2024-04-30 15:10:03,582 [Worker-58: Updating Maven Project] INFO  o.e.m.j.i.AbstractJavaProjectConfigurator - Adding resource folder /DataBuild/src/test/resources
2024-04-30 15:10:03,854 [Worker-58: Updating Maven Project] INFO  o.e.m.c.i.p.ProjectConfigurationManager - Update completed for 1 poms: local refresh takes 0.00 sec, refresh facades takes 1.00 sec, update config takes 0.00 sec 
2024-04-30 15:10:03,974 [Worker-45: Building] WARN  o.a.m.s.f.DefaultMavenResourcesFiltering - Using platform encoding (UTF-8 actually) to copy filtered resources, i.e. build is platform dependent!
2024-04-30 15:10:03,977 [Worker-45: Building] INFO  o.a.m.s.f.DefaultMavenResourcesFiltering - Copying 0 resource from src\main\resources to target\classes
2024-04-30 15:10:03,980 [Worker-45: Building] WARN  o.a.m.s.f.DefaultMavenResourcesFiltering - Using platform encoding (UTF-8 actually) to copy filtered resources, i.e. build is platform dependent!
2024-04-30 15:10:03,983 [Worker-45: Building] INFO  o.a.m.s.f.DefaultMavenResourcesFiltering - Copying 0 resource from src\test\resources to target\test-classes
2024-04-30 15:10:14,009 [Worker-66: Building] WARN  o.a.m.s.f.DefaultMavenResourcesFiltering - Using platform encoding (UTF-8 actually) to copy filtered resources, i.e. build is platform dependent!
2024-04-30 15:10:14,013 [Worker-66: Building] INFO  o.a.m.s.f.DefaultMavenResourcesFiltering - Copying 0 resource from src\main\resources to target\classes
2024-04-30 15:10:14,016 [Worker-66: Building] WARN  o.a.m.s.f.DefaultMavenResourcesFiltering - Using platform encoding (UTF-8 actually) to copy filtered resources, i.e. build is platform dependent!
2024-04-30 15:10:14,019 [Worker-66: Building] INFO  o.a.m.s.f.DefaultMavenResourcesFiltering - Copying 0 resource from src\test\resources to target\test-classes
2024-04-30 15:10:25,154 [Worker-67: Launching Executing test in C__Users_ashish.juyal_OneDrive - Alegeus Technologies LLC_Desktop_maven_cicd-project_CICD_DataBuild] INFO  o.eclipse.m2e.core.internal.Bundles - getClasspathEntries(Bundle=org.eclipse.m2e.maven.runtime_3.9.600.20231203-1234 [297])
2024-04-30 15:10:25,156 [Worker-67: Launching Executing test in C__Users_ashish.juyal_OneDrive - Alegeus Technologies LLC_Desktop_maven_cicd-project_CICD_DataBuild] INFO  o.eclipse.m2e.core.internal.Bundles - 	Entry: C:\Users\ashish.juyal\.p2\pool\plugins\org.eclipse.m2e.maven.runtime_3.9.600.20231203-1234
2024-04-30 15:10:25,156 [Worker-67: Launching Executing test in C__Users_ashish.juyal_OneDrive - Alegeus Technologies LLC_Desktop_maven_cicd-project_CICD_DataBuild] INFO  o.eclipse.m2e.core.internal.Bundles - 	Entry: C:\Users\ashish.juyal\.p2\pool\plugins\org.eclipse.m2e.maven.runtime_3.9.600.20231203-1234\jars\aopalliance-1.0.jar
2024-04-30 15:10:25,156 [Worker-67: Launching Executing test in C__Users_ashish.juyal_OneDrive - Alegeus Technologies LLC_Desktop_maven_cicd-project_CICD_DataBuild] INFO  o.eclipse.m2e.core.internal.Bundles - 	Entry: C:\Users\ashish.juyal\.p2\pool\plugins\org.eclipse.m2e.maven.runtime_3.9.600.20231203-1234\jars\guice-5.1.0.jar
2024-04-30 15:10:25,156 [Worker-67: Launching Executing test in C__Users_ashish.juyal_OneDrive - Alegeus Technologies LLC_Desktop_maven_cicd-project_CICD_DataBuild] INFO  o.eclipse.m2e.core.internal.Bundles - 	Entry: C:\Users\ashish.juyal\.p2\pool\plugins\org.eclipse.m2e.maven.runtime_3.9.600.20231203-1234\jars\httpclient-4.5.14.jar
2024-04-30 15:10:25,157 [Worker-67: Launching Executing test in C__Users_ashish.juyal_OneDrive - Alegeus Technologies LLC_Desktop_maven_cicd-project_CICD_DataBuild] INFO  o.eclipse.m2e.core.internal.Bundles - 	Entry: C:\Users\ashish.juyal\.p2\pool\plugins\org.eclipse.m2e.maven.runtime_3.9.600.20231203-1234\jars\httpcore-4.4.16.jar
2024-04-30 15:10:25,157 [Worker-67: Launching Executing test in C__Users_ashish.juyal_OneDrive - Alegeus Technologies LLC_Desktop_maven_cicd-project_CICD_DataBuild] INFO  o.eclipse.m2e.core.internal.Bundles - 	Entry: C:\Users\ashish.juyal\.p2\pool\plugins\org.eclipse.m2e.maven.runtime_3.9.600.20231203-1234\jars\jansi-2.4.0.jar
2024-04-30 15:10:25,157 [Worker-67: Launching Executing test in C__Users_ashish.juyal_OneDrive - Alegeus Technologies LLC_Desktop_maven_cicd-project_CICD_DataBuild] INFO  o.eclipse.m2e.core.internal.Bundles - 	Entry: C:\Users\ashish.juyal\.p2\pool\plugins\org.eclipse.m2e.maven.runtime_3.9.600.20231203-1234\jars\jcl-over-slf4j-1.7.36.jar
2024-04-30 15:10:25,157 [Worker-67: Launching Executing test in C__Users_ashish.juyal_OneDrive - Alegeus Technologies LLC_Desktop_maven_cicd-project_CICD_DataBuild] INFO  o.eclipse.m2e.core.internal.Bundles - 	Entry: C:\Users\ashish.juyal\.p2\pool\plugins\org.eclipse.m2e.maven.runtime_3.9.600.20231203-1234\jars\maven-artifact-3.9.6.jar
2024-04-30 15:10:25,158 [Worker-67: Launching Executing test in C__Users_ashish.juyal_OneDrive - Alegeus Technologies LLC_Desktop_maven_cicd-project_CICD_DataBuild] INFO  o.eclipse.m2e.core.internal.Bundles - 	Entry: C:\Users\ashish.juyal\.p2\pool\plugins\org.eclipse.m2e.maven.runtime_3.9.600.20231203-1234\jars\maven-builder-support-3.9.6.jar
2024-04-30 15:10:25,158 [Worker-67: Launching Executing test in C__Users_ashish.juyal_OneDrive - Alegeus Technologies LLC_Desktop_maven_cicd-project_CICD_DataBuild] INFO  o.eclipse.m2e.core.internal.Bundles - 	Entry: C:\Users\ashish.juyal\.p2\pool\plugins\org.eclipse.m2e.maven.runtime_3.9.600.20231203-1234\jars\maven-compat-3.9.6.jar
2024-04-30 15:10:25,158 [Worker-67: Launching Executing test in C__Users_ashish.juyal_OneDrive - Alegeus Technologies LLC_Desktop_maven_cicd-project_CICD_DataBuild] INFO  o.eclipse.m2e.core.internal.Bundles - 	Entry: C:\Users\ashish.juyal\.p2\pool\plugins\org.eclipse.m2e.maven.runtime_3.9.600.20231203-1234\jars\maven-core-3.9.6.jar
2024-04-30 15:10:25,158 [Worker-67: Launching Executing test in C__Users_ashish.juyal_OneDrive - Alegeus Technologies LLC_Desktop_maven_cicd-project_CICD_DataBuild] INFO  o.eclipse.m2e.core.internal.Bundles - 	Entry: C:\Users\ashish.juyal\.p2\pool\plugins\org.eclipse.m2e.maven.runtime_3.9.600.20231203-1234\jars\maven-embedder-3.9.6.jar
2024-04-30 15:10:25,159 [Worker-67: Launching Executing test in C__Users_ashish.juyal_OneDrive - Alegeus Technologies LLC_Desktop_maven_cicd-project_CICD_DataBuild] INFO  o.eclipse.m2e.core.internal.Bundles - 	Entry: C:\Users\ashish.juyal\.p2\pool\plugins\org.eclipse.m2e.maven.runtime_3.9.600.20231203-1234\jars\maven-model-3.9.6.jar
2024-04-30 15:10:25,159 [Worker-67: Launching Executing test in C__Users_ashish.juyal_OneDrive - Alegeus Technologies LLC_Desktop_maven_cicd-project_CICD_DataBuild] INFO  o.eclipse.m2e.core.internal.Bundles - 	Entry: C:\Users\ashish.juyal\.p2\pool\plugins\org.eclipse.m2e.maven.runtime_3.9.600.20231203-1234\jars\maven-model-builder-3.9.6.jar
2024-04-30 15:10:25,160 [Worker-67: Launching Executing test in C__Users_ashish.juyal_OneDrive - Alegeus Technologies LLC_Desktop_maven_cicd-project_CICD_DataBuild] INFO  o.eclipse.m2e.core.internal.Bundles - 	Entry: C:\Users\ashish.juyal\.p2\pool\plugins\org.eclipse.m2e.maven.runtime_3.9.600.20231203-1234\jars\maven-plugin-api-3.9.6.jar
2024-04-30 15:10:25,160 [Worker-67: Launching Executing test in C__Users_ashish.juyal_OneDrive - Alegeus Technologies LLC_Desktop_maven_cicd-project_CICD_DataBuild] INFO  o.eclipse.m2e.core.internal.Bundles - 	Entry: C:\Users\ashish.juyal\.p2\pool\plugins\org.eclipse.m2e.maven.runtime_3.9.600.20231203-1234\jars\maven-repository-metadata-3.9.6.jar
2024-04-30 15:10:25,160 [Worker-67: Launching Executing test in C__Users_ashish.juyal_OneDrive - Alegeus Technologies LLC_Desktop_maven_cicd-project_CICD_DataBuild] INFO  o.eclipse.m2e.core.internal.Bundles - 	Entry: C:\Users\ashish.juyal\.p2\pool\plugins\org.eclipse.m2e.maven.runtime_3.9.600.20231203-1234\jars\maven-resolver-api-1.9.18.jar
2024-04-30 15:10:25,161 [Worker-67: Launching Executing test in C__Users_ashish.juyal_OneDrive - Alegeus Technologies LLC_Desktop_maven_cicd-project_CICD_DataBuild] INFO  o.eclipse.m2e.core.internal.Bundles - 	Entry: C:\Users\ashish.juyal\.p2\pool\plugins\org.eclipse.m2e.maven.runtime_3.9.600.20231203-1234\jars\maven-resolver-connector-basic-1.9.18.jar
2024-04-30 15:10:25,161 [Worker-67: Launching Executing test in C__Users_ashish.juyal_OneDrive - Alegeus Technologies LLC_Desktop_maven_cicd-project_CICD_DataBuild] INFO  o.eclipse.m2e.core.internal.Bundles - 	Entry: C:\Users\ashish.juyal\.p2\pool\plugins\org.eclipse.m2e.maven.runtime_3.9.600.20231203-1234\jars\maven-resolver-impl-1.9.18.jar
2024-04-30 15:10:25,161 [Worker-67: Launching Executing test in C__Users_ashish.juyal_OneDrive - Alegeus Technologies LLC_Desktop_maven_cicd-project_CICD_DataBuild] INFO  o.eclipse.m2e.core.internal.Bundles - 	Entry: C:\Users\ashish.juyal\.p2\pool\plugins\org.eclipse.m2e.maven.runtime_3.9.600.20231203-1234\jars\maven-resolver-named-locks-1.9.18.jar
2024-04-30 15:10:25,161 [Worker-67: Launching Executing test in C__Users_ashish.juyal_OneDrive - Alegeus Technologies LLC_Desktop_maven_cicd-project_CICD_DataBuild] INFO  o.eclipse.m2e.core.internal.Bundles - 	Entry: C:\Users\ashish.juyal\.p2\pool\plugins\org.eclipse.m2e.maven.runtime_3.9.600.20231203-1234\jars\maven-resolver-provider-3.9.6.jar
2024-04-30 15:10:25,162 [Worker-67: Launching Executing test in C__Users_ashish.juyal_OneDrive - Alegeus Technologies LLC_Desktop_maven_cicd-project_CICD_DataBuild] INFO  o.eclipse.m2e.core.internal.Bundles - 	Entry: C:\Users\ashish.juyal\.p2\pool\plugins\org.eclipse.m2e.maven.runtime_3.9.600.20231203-1234\jars\maven-resolver-spi-1.9.18.jar
2024-04-30 15:10:25,162 [Worker-67: Launching Executing test in C__Users_ashish.juyal_OneDrive - Alegeus Technologies LLC_Desktop_maven_cicd-project_CICD_DataBuild] INFO  o.eclipse.m2e.core.internal.Bundles - 	Entry: C:\Users\ashish.juyal\.p2\pool\plugins\org.eclipse.m2e.maven.runtime_3.9.600.20231203-1234\jars\maven-resolver-transport-file-1.9.18.jar
2024-04-30 15:10:25,162 [Worker-67: Launching Executing test in C__Users_ashish.juyal_OneDrive - Alegeus Technologies LLC_Desktop_maven_cicd-project_CICD_DataBuild] INFO  o.eclipse.m2e.core.internal.Bundles - 	Entry: C:\Users\ashish.juyal\.p2\pool\plugins\org.eclipse.m2e.maven.runtime_3.9.600.20231203-1234\jars\maven-resolver-transport-http-1.9.18.jar
2024-04-30 15:10:25,162 [Worker-67: Launching Executing test in C__Users_ashish.juyal_OneDrive - Alegeus Technologies LLC_Desktop_maven_cicd-project_CICD_DataBuild] INFO  o.eclipse.m2e.core.internal.Bundles - 	Entry: C:\Users\ashish.juyal\.p2\pool\plugins\org.eclipse.m2e.maven.runtime_3.9.600.20231203-1234\jars\maven-resolver-transport-wagon-1.9.18.jar
2024-04-30 15:10:25,162 [Worker-67: Launching Executing test in C__Users_ashish.juyal_OneDrive - Alegeus Technologies LLC_Desktop_maven_cicd-project_CICD_DataBuild] INFO  o.eclipse.m2e.core.internal.Bundles - 	Entry: C:\Users\ashish.juyal\.p2\pool\plugins\org.eclipse.m2e.maven.runtime_3.9.600.20231203-1234\jars\maven-resolver-util-1.9.18.jar
2024-04-30 15:10:25,162 [Worker-67: Launching Executing test in C__Users_ashish.juyal_OneDrive - Alegeus Technologies LLC_Desktop_maven_cicd-project_CICD_DataBuild] INFO  o.eclipse.m2e.core.internal.Bundles - 	Entry: C:\Users\ashish.juyal\.p2\pool\plugins\org.eclipse.m2e.maven.runtime_3.9.600.20231203-1234\jars\maven-settings-3.9.6.jar
2024-04-30 15:10:25,163 [Worker-67: Launching Executing test in C__Users_ashish.juyal_OneDrive - Alegeus Technologies LLC_Desktop_maven_cicd-project_CICD_DataBuild] INFO  o.eclipse.m2e.core.internal.Bundles - 	Entry: C:\Users\ashish.juyal\.p2\pool\plugins\org.eclipse.m2e.maven.runtime_3.9.600.20231203-1234\jars\maven-settings-builder-3.9.6.jar
2024-04-30 15:10:25,163 [Worker-67: Launching Executing test in C__Users_ashish.juyal_OneDrive - Alegeus Technologies LLC_Desktop_maven_cicd-project_CICD_DataBuild] INFO  o.eclipse.m2e.core.internal.Bundles - 	Entry: C:\Users\ashish.juyal\.p2\pool\plugins\org.eclipse.m2e.maven.runtime_3.9.600.20231203-1234\jars\maven-shared-utils-3.3.4.jar
2024-04-30 15:10:25,163 [Worker-67: Launching Executing test in C__Users_ashish.juyal_OneDrive - Alegeus Technologies LLC_Desktop_maven_cicd-project_CICD_DataBuild] INFO  o.eclipse.m2e.core.internal.Bundles - 	Entry: C:\Users\ashish.juyal\.p2\pool\plugins\org.eclipse.m2e.maven.runtime_3.9.600.20231203-1234\jars\org.eclipse.sisu.inject-0.9.0.M2.jar
2024-04-30 15:10:25,164 [Worker-67: Launching Executing test in C__Users_ashish.juyal_OneDrive - Alegeus Technologies LLC_Desktop_maven_cicd-project_CICD_DataBuild] INFO  o.eclipse.m2e.core.internal.Bundles - 	Entry: C:\Users\ashish.juyal\.p2\pool\plugins\org.eclipse.m2e.maven.runtime_3.9.600.20231203-1234\jars\org.eclipse.sisu.plexus-0.9.0.M2.jar
2024-04-30 15:10:25,164 [Worker-67: Launching Executing test in C__Users_ashish.juyal_OneDrive - Alegeus Technologies LLC_Desktop_maven_cicd-project_CICD_DataBuild] INFO  o.eclipse.m2e.core.internal.Bundles - 	Entry: C:\Users\ashish.juyal\.p2\pool\plugins\org.eclipse.m2e.maven.runtime_3.9.600.20231203-1234\jars\plexus-build-api-0.0.7.jar
2024-04-30 15:10:25,164 [Worker-67: Launching Executing test in C__Users_ashish.juyal_OneDrive - Alegeus Technologies LLC_Desktop_maven_cicd-project_CICD_DataBuild] INFO  o.eclipse.m2e.core.internal.Bundles - 	Entry: C:\Users\ashish.juyal\.p2\pool\plugins\org.eclipse.m2e.maven.runtime_3.9.600.20231203-1234\jars\plexus-cipher-2.0.jar
2024-04-30 15:10:25,164 [Worker-67: Launching Executing test in C__Users_ashish.juyal_OneDrive - Alegeus Technologies LLC_Desktop_maven_cicd-project_CICD_DataBuild] INFO  o.eclipse.m2e.core.internal.Bundles - 	Entry: C:\Users\ashish.juyal\.p2\pool\plugins\org.eclipse.m2e.maven.runtime_3.9.600.20231203-1234\jars\plexus-classworlds-2.7.0.jar
2024-04-30 15:10:25,164 [Worker-67: Launching Executing test in C__Users_ashish.juyal_OneDrive - Alegeus Technologies LLC_Desktop_maven_cicd-project_CICD_DataBuild] INFO  o.eclipse.m2e.core.internal.Bundles - 	Entry: C:\Users\ashish.juyal\.p2\pool\plugins\org.eclipse.m2e.maven.runtime_3.9.600.20231203-1234\jars\plexus-component-annotations-2.1.0.jar
2024-04-30 15:10:25,165 [Worker-67: Launching Executing test in C__Users_ashish.juyal_OneDrive - Alegeus Technologies LLC_Desktop_maven_cicd-project_CICD_DataBuild] INFO  o.eclipse.m2e.core.internal.Bundles - 	Entry: C:\Users\ashish.juyal\.p2\pool\plugins\org.eclipse.m2e.maven.runtime_3.9.600.20231203-1234\jars\plexus-interpolation-1.26.jar
2024-04-30 15:10:25,165 [Worker-67: Launching Executing test in C__Users_ashish.juyal_OneDrive - Alegeus Technologies LLC_Desktop_maven_cicd-project_CICD_DataBuild] INFO  o.eclipse.m2e.core.internal.Bundles - 	Entry: C:\Users\ashish.juyal\.p2\pool\plugins\org.eclipse.m2e.maven.runtime_3.9.600.20231203-1234\jars\plexus-sec-dispatcher-2.0.jar
2024-04-30 15:10:25,165 [Worker-67: Launching Executing test in C__Users_ashish.juyal_OneDrive - Alegeus Technologies LLC_Desktop_maven_cicd-project_CICD_DataBuild] INFO  o.eclipse.m2e.core.internal.Bundles - 	Entry: C:\Users\ashish.juyal\.p2\pool\plugins\org.eclipse.m2e.maven.runtime_3.9.600.20231203-1234\jars\plexus-utils-3.5.1.jar
2024-04-30 15:10:25,165 [Worker-67: Launching Executing test in C__Users_ashish.juyal_OneDrive - Alegeus Technologies LLC_Desktop_maven_cicd-project_CICD_DataBuild] INFO  o.eclipse.m2e.core.internal.Bundles - 	Entry: C:\Users\ashish.juyal\.p2\pool\plugins\org.eclipse.m2e.maven.runtime_3.9.600.20231203-1234\jars\wagon-file-3.5.3.jar
2024-04-30 15:10:25,166 [Worker-67: Launching Executing test in C__Users_ashish.juyal_OneDrive - Alegeus Technologies LLC_Desktop_maven_cicd-project_CICD_DataBuild] INFO  o.eclipse.m2e.core.internal.Bundles - 	Entry: C:\Users\ashish.juyal\.p2\pool\plugins\org.eclipse.m2e.maven.runtime_3.9.600.20231203-1234\jars\wagon-http-3.5.3.jar
2024-04-30 15:10:25,166 [Worker-67: Launching Executing test in C__Users_ashish.juyal_OneDrive - Alegeus Technologies LLC_Desktop_maven_cicd-project_CICD_DataBuild] INFO  o.eclipse.m2e.core.internal.Bundles - 	Entry: C:\Users\ashish.juyal\.p2\pool\plugins\org.eclipse.m2e.maven.runtime_3.9.600.20231203-1234\jars\wagon-http-shared-3.5.3.jar
2024-04-30 15:10:25,167 [Worker-67: Launching Executing test in C__Users_ashish.juyal_OneDrive - Alegeus Technologies LLC_Desktop_maven_cicd-project_CICD_DataBuild] INFO  o.eclipse.m2e.core.internal.Bundles - 	Entry: C:\Users\ashish.juyal\.p2\pool\plugins\org.eclipse.m2e.maven.runtime_3.9.600.20231203-1234\jars\wagon-provider-api-3.5.3.jar
2024-04-30 15:10:25,167 [Worker-67: Launching Executing test in C__Users_ashish.juyal_OneDrive - Alegeus Technologies LLC_Desktop_maven_cicd-project_CICD_DataBuild] INFO  o.eclipse.m2e.core.internal.Bundles - getClasspathEntries(Bundle=com.google.guava_33.0.0.jre [10])
2024-04-30 15:10:25,167 [Worker-67: Launching Executing test in C__Users_ashish.juyal_OneDrive - Alegeus Technologies LLC_Desktop_maven_cicd-project_CICD_DataBuild] INFO  o.eclipse.m2e.core.internal.Bundles - 	Entry: C:\Users\ashish.juyal\.p2\pool\plugins\com.google.guava_33.0.0.jre.jar
2024-04-30 15:10:25,169 [Worker-67: Launching Executing test in C__Users_ashish.juyal_OneDrive - Alegeus Technologies LLC_Desktop_maven_cicd-project_CICD_DataBuild] INFO  o.eclipse.m2e.core.internal.Bundles - getClasspathEntries(Bundle=slf4j.api_2.0.12 [519])
2024-04-30 15:10:25,170 [Worker-67: Launching Executing test in C__Users_ashish.juyal_OneDrive - Alegeus Technologies LLC_Desktop_maven_cicd-project_CICD_DataBuild] INFO  o.eclipse.m2e.core.internal.Bundles - 	Entry: C:\Users\ashish.juyal\.p2\pool\plugins\slf4j.api_2.0.12.jar
2024-04-30 15:10:25,170 [Worker-67: Launching Executing test in C__Users_ashish.juyal_OneDrive - Alegeus Technologies LLC_Desktop_maven_cicd-project_CICD_DataBuild] INFO  o.eclipse.m2e.core.internal.Bundles - getClasspathEntries(Bundle=jakarta.inject.jakarta.inject-api_1.0.5 [22])
2024-04-30 15:10:25,171 [Worker-67: Launching Executing test in C__Users_ashish.juyal_OneDrive - Alegeus Technologies LLC_Desktop_maven_cicd-project_CICD_DataBuild] INFO  o.eclipse.m2e.core.internal.Bundles - 	Entry: C:\Users\ashish.juyal\.p2\pool\plugins\jakarta.inject.jakarta.inject-api_1.0.5.jar
2024-04-30 15:10:25,171 [Worker-67: Launching Executing test in C__Users_ashish.juyal_OneDrive - Alegeus Technologies LLC_Desktop_maven_cicd-project_CICD_DataBuild] INFO  o.eclipse.m2e.core.internal.Bundles - getClasspathEntries(Bundle=jakarta.annotation-api_1.3.5 [20])
2024-04-30 15:10:25,172 [Worker-67: Launching Executing test in C__Users_ashish.juyal_OneDrive - Alegeus Technologies LLC_Desktop_maven_cicd-project_CICD_DataBuild] INFO  o.eclipse.m2e.core.internal.Bundles - 	Entry: C:\Users\ashish.juyal\.p2\pool\plugins\jakarta.annotation-api_1.3.5.jar
2024-04-30 15:10:25,172 [Worker-67: Launching Executing test in C__Users_ashish.juyal_OneDrive - Alegeus Technologies LLC_Desktop_maven_cicd-project_CICD_DataBuild] INFO  o.eclipse.m2e.core.internal.Bundles - getClasspathEntries(Bundle=org.apache.commons.cli_1.6.0 [46])
2024-04-30 15:10:25,174 [Worker-67: Launching Executing test in C__Users_ashish.juyal_OneDrive - Alegeus Technologies LLC_Desktop_maven_cicd-project_CICD_DataBuild] INFO  o.eclipse.m2e.core.internal.Bundles - 	Entry: C:\Users\ashish.juyal\.p2\pool\plugins\org.apache.commons.cli_1.6.0.jar
2024-04-30 15:10:25,174 [Worker-67: Launching Executing test in C__Users_ashish.juyal_OneDrive - Alegeus Technologies LLC_Desktop_maven_cicd-project_CICD_DataBuild] INFO  o.eclipse.m2e.core.internal.Bundles - getClasspathEntries(Bundle=org.apache.commons.commons-codec_1.16.0 [47])
2024-04-30 15:10:25,175 [Worker-67: Launching Executing test in C__Users_ashish.juyal_OneDrive - Alegeus Technologies LLC_Desktop_maven_cicd-project_CICD_DataBuild] INFO  o.eclipse.m2e.core.internal.Bundles - 	Entry: C:\Users\ashish.juyal\.p2\pool\plugins\org.apache.commons.commons-codec_1.16.0.jar
2024-04-30 15:10:25,175 [Worker-67: Launching Executing test in C__Users_ashish.juyal_OneDrive - Alegeus Technologies LLC_Desktop_maven_cicd-project_CICD_DataBuild] INFO  o.eclipse.m2e.core.internal.Bundles - getClasspathEntries(Bundle=org.apache.commons.lang3_3.14.0 [53])
2024-04-30 15:10:25,177 [Worker-67: Launching Executing test in C__Users_ashish.juyal_OneDrive - Alegeus Technologies LLC_Desktop_maven_cicd-project_CICD_DataBuild] INFO  o.eclipse.m2e.core.internal.Bundles - 	Entry: C:\Users\ashish.juyal\.p2\pool\plugins\org.apache.commons.lang3_3.14.0.jar
2024-04-30 15:10:25,177 [Worker-67: Launching Executing test in C__Users_ashish.juyal_OneDrive - Alegeus Technologies LLC_Desktop_maven_cicd-project_CICD_DataBuild] INFO  o.eclipse.m2e.core.internal.Bundles - getClasspathEntries(Bundle=com.google.guava.failureaccess_1.0.2 [11])
2024-04-30 15:10:25,178 [Worker-67: Launching Executing test in C__Users_ashish.juyal_OneDrive - Alegeus Technologies LLC_Desktop_maven_cicd-project_CICD_DataBuild] INFO  o.eclipse.m2e.core.internal.Bundles - 	Entry: C:\Users\ashish.juyal\.p2\pool\plugins\com.google.guava.failureaccess_1.0.2.jar
2024-04-30 15:10:25,182 [Worker-67: Launching Executing test in C__Users_ashish.juyal_OneDrive - Alegeus Technologies LLC_Desktop_maven_cicd-project_CICD_DataBuild] INFO  o.e.m.i.launch.MavenLaunchDelegate - Run build in "C:\Users\ashish.juyal\OneDrive - Alegeus Technologies LLC\Desktop\maven\cicd-project\CICD\DataBuild":
2024-04-30 15:10:25,183 [Worker-67: Launching Executing test in C__Users_ashish.juyal_OneDrive - Alegeus Technologies LLC_Desktop_maven_cicd-project_CICD_DataBuild] INFO  o.e.m.i.launch.MavenLaunchDelegate -  mvn  -B -Dstyle.color=always test
2024-04-30 15:10:53,326 [Worker-66: Building] WARN  o.a.m.s.f.DefaultMavenResourcesFiltering - Using platform encoding (UTF-8 actually) to copy filtered resources, i.e. build is platform dependent!
2024-04-30 15:10:53,330 [Worker-66: Building] INFO  o.a.m.s.f.DefaultMavenResourcesFiltering - Copying 0 resource from src\main\resources to target\classes
2024-04-30 15:10:53,334 [Worker-66: Building] WARN  o.a.m.s.f.DefaultMavenResourcesFiltering - Using platform encoding (UTF-8 actually) to copy filtered resources, i.e. build is platform dependent!
2024-04-30 15:10:53,337 [Worker-66: Building] INFO  o.a.m.s.f.DefaultMavenResourcesFiltering - Copying 0 resource from src\test\resources to target\test-classes
2024-04-30 15:11:40,387 [Worker-58: Building] WARN  o.a.m.s.f.DefaultMavenResourcesFiltering - Using platform encoding (UTF-8 actually) to copy filtered resources, i.e. build is platform dependent!
2024-04-30 15:11:40,390 [Worker-58: Building] INFO  o.a.m.s.f.DefaultMavenResourcesFiltering - Copying 0 resource from src\main\resources to target\classes
2024-04-30 15:11:40,393 [Worker-58: Building] WARN  o.a.m.s.f.DefaultMavenResourcesFiltering - Using platform encoding (UTF-8 actually) to copy filtered resources, i.e. build is platform dependent!
2024-04-30 15:11:40,395 [Worker-58: Building] INFO  o.a.m.s.f.DefaultMavenResourcesFiltering - Copying 0 resource from src\test\resources to target\test-classes
2024-04-30 15:12:09,564 [Worker-65: Building] INFO  o.e.m.c.i.l.LifecycleMappingFactory - Using org.eclipse.m2e.jdt.JarLifecycleMapping lifecycle mapping for MavenProject: com.Cobra:DataBuild:0.0.1-SNAPSHOT @ C:\Users\ashish.juyal\OneDrive - Alegeus Technologies LLC\Desktop\maven\cicd-project\CICD\DataBuild\pom.xml.
2024-04-30 15:12:10,112 [Worker-65: Building] INFO  o.e.m.c.i.p.WorkspaceClassifierResolverManager - Resolving P/com.Cobra: com.Alg:com.Cobra:0.0.1-SNAPSHOT with classifier  to /com.Cobra/target/classes
2024-04-30 15:12:10,258 [Worker-65: Building] WARN  o.a.m.s.f.DefaultMavenResourcesFiltering - Using platform encoding (UTF-8 actually) to copy filtered resources, i.e. build is platform dependent!
2024-04-30 15:12:10,260 [Worker-65: Building] INFO  o.a.m.s.f.DefaultMavenResourcesFiltering - Copying 0 resource from src\main\resources to target\classes
2024-04-30 15:12:10,262 [Worker-65: Building] WARN  o.a.m.s.f.DefaultMavenResourcesFiltering - Using platform encoding (UTF-8 actually) to copy filtered resources, i.e. build is platform dependent!
2024-04-30 15:12:10,266 [Worker-65: Building] INFO  o.a.m.s.f.DefaultMavenResourcesFiltering - Copying 0 resource from src\test\resources to target\test-classes
2024-04-30 15:12:19,588 [Worker-64: Launching Executing test in C__Users_ashish.juyal_OneDrive - Alegeus Technologies LLC_Desktop_maven_cicd-project_CICD_DataBuild] INFO  o.eclipse.m2e.core.internal.Bundles - getClasspathEntries(Bundle=org.eclipse.m2e.maven.runtime_3.9.600.20231203-1234 [297])
2024-04-30 15:12:19,590 [Worker-64: Launching Executing test in C__Users_ashish.juyal_OneDrive - Alegeus Technologies LLC_Desktop_maven_cicd-project_CICD_DataBuild] INFO  o.eclipse.m2e.core.internal.Bundles - 	Entry: C:\Users\ashish.juyal\.p2\pool\plugins\org.eclipse.m2e.maven.runtime_3.9.600.20231203-1234
2024-04-30 15:12:19,590 [Worker-64: Launching Executing test in C__Users_ashish.juyal_OneDrive - Alegeus Technologies LLC_Desktop_maven_cicd-project_CICD_DataBuild] INFO  o.eclipse.m2e.core.internal.Bundles - 	Entry: C:\Users\ashish.juyal\.p2\pool\plugins\org.eclipse.m2e.maven.runtime_3.9.600.20231203-1234\jars\aopalliance-1.0.jar
2024-04-30 15:12:19,590 [Worker-64: Launching Executing test in C__Users_ashish.juyal_OneDrive - Alegeus Technologies LLC_Desktop_maven_cicd-project_CICD_DataBuild] INFO  o.eclipse.m2e.core.internal.Bundles - 	Entry: C:\Users\ashish.juyal\.p2\pool\plugins\org.eclipse.m2e.maven.runtime_3.9.600.20231203-1234\jars\guice-5.1.0.jar
2024-04-30 15:12:19,590 [Worker-64: Launching Executing test in C__Users_ashish.juyal_OneDrive - Alegeus Technologies LLC_Desktop_maven_cicd-project_CICD_DataBuild] INFO  o.eclipse.m2e.core.internal.Bundles - 	Entry: C:\Users\ashish.juyal\.p2\pool\plugins\org.eclipse.m2e.maven.runtime_3.9.600.20231203-1234\jars\httpclient-4.5.14.jar
2024-04-30 15:12:19,591 [Worker-64: Launching Executing test in C__Users_ashish.juyal_OneDrive - Alegeus Technologies LLC_Desktop_maven_cicd-project_CICD_DataBuild] INFO  o.eclipse.m2e.core.internal.Bundles - 	Entry: C:\Users\ashish.juyal\.p2\pool\plugins\org.eclipse.m2e.maven.runtime_3.9.600.20231203-1234\jars\httpcore-4.4.16.jar
2024-04-30 15:12:19,591 [Worker-64: Launching Executing test in C__Users_ashish.juyal_OneDrive - Alegeus Technologies LLC_Desktop_maven_cicd-project_CICD_DataBuild] INFO  o.eclipse.m2e.core.internal.Bundles - 	Entry: C:\Users\ashish.juyal\.p2\pool\plugins\org.eclipse.m2e.maven.runtime_3.9.600.20231203-1234\jars\jansi-2.4.0.jar
2024-04-30 15:12:19,591 [Worker-64: Launching Executing test in C__Users_ashish.juyal_OneDrive - Alegeus Technologies LLC_Desktop_maven_cicd-project_CICD_DataBuild] INFO  o.eclipse.m2e.core.internal.Bundles - 	Entry: C:\Users\ashish.juyal\.p2\pool\plugins\org.eclipse.m2e.maven.runtime_3.9.600.20231203-1234\jars\jcl-over-slf4j-1.7.36.jar
2024-04-30 15:12:19,591 [Worker-64: Launching Executing test in C__Users_ashish.juyal_OneDrive - Alegeus Technologies LLC_Desktop_maven_cicd-project_CICD_DataBuild] INFO  o.eclipse.m2e.core.internal.Bundles - 	Entry: C:\Users\ashish.juyal\.p2\pool\plugins\org.eclipse.m2e.maven.runtime_3.9.600.20231203-1234\jars\maven-artifact-3.9.6.jar
2024-04-30 15:12:19,591 [Worker-64: Launching Executing test in C__Users_ashish.juyal_OneDrive - Alegeus Technologies LLC_Desktop_maven_cicd-project_CICD_DataBuild] INFO  o.eclipse.m2e.core.internal.Bundles - 	Entry: C:\Users\ashish.juyal\.p2\pool\plugins\org.eclipse.m2e.maven.runtime_3.9.600.20231203-1234\jars\maven-builder-support-3.9.6.jar
2024-04-30 15:12:19,592 [Worker-64: Launching Executing test in C__Users_ashish.juyal_OneDrive - Alegeus Technologies LLC_Desktop_maven_cicd-project_CICD_DataBuild] INFO  o.eclipse.m2e.core.internal.Bundles - 	Entry: C:\Users\ashish.juyal\.p2\pool\plugins\org.eclipse.m2e.maven.runtime_3.9.600.20231203-1234\jars\maven-compat-3.9.6.jar
2024-04-30 15:12:19,592 [Worker-64: Launching Executing test in C__Users_ashish.juyal_OneDrive - Alegeus Technologies LLC_Desktop_maven_cicd-project_CICD_DataBuild] INFO  o.eclipse.m2e.core.internal.Bundles - 	Entry: C:\Users\ashish.juyal\.p2\pool\plugins\org.eclipse.m2e.maven.runtime_3.9.600.20231203-1234\jars\maven-core-3.9.6.jar
2024-04-30 15:12:19,592 [Worker-64: Launching Executing test in C__Users_ashish.juyal_OneDrive - Alegeus Technologies LLC_Desktop_maven_cicd-project_CICD_DataBuild] INFO  o.eclipse.m2e.core.internal.Bundles - 	Entry: C:\Users\ashish.juyal\.p2\pool\plugins\org.eclipse.m2e.maven.runtime_3.9.600.20231203-1234\jars\maven-embedder-3.9.6.jar
2024-04-30 15:12:19,592 [Worker-64: Launching Executing test in C__Users_ashish.juyal_OneDrive - Alegeus Technologies LLC_Desktop_maven_cicd-project_CICD_DataBuild] INFO  o.eclipse.m2e.core.internal.Bundles - 	Entry: C:\Users\ashish.juyal\.p2\pool\plugins\org.eclipse.m2e.maven.runtime_3.9.600.20231203-1234\jars\maven-model-3.9.6.jar
2024-04-30 15:12:19,592 [Worker-64: Launching Executing test in C__Users_ashish.juyal_OneDrive - Alegeus Technologies LLC_Desktop_maven_cicd-project_CICD_DataBuild] INFO  o.eclipse.m2e.core.internal.Bundles - 	Entry: C:\Users\ashish.juyal\.p2\pool\plugins\org.eclipse.m2e.maven.runtime_3.9.600.20231203-1234\jars\maven-model-builder-3.9.6.jar
2024-04-30 15:12:19,592 [Worker-64: Launching Executing test in C__Users_ashish.juyal_OneDrive - Alegeus Technologies LLC_Desktop_maven_cicd-project_CICD_DataBuild] INFO  o.eclipse.m2e.core.internal.Bundles - 	Entry: C:\Users\ashish.juyal\.p2\pool\plugins\org.eclipse.m2e.maven.runtime_3.9.600.20231203-1234\jars\maven-plugin-api-3.9.6.jar
2024-04-30 15:12:19,592 [Worker-64: Launching Executing test in C__Users_ashish.juyal_OneDrive - Alegeus Technologies LLC_Desktop_maven_cicd-project_CICD_DataBuild] INFO  o.eclipse.m2e.core.internal.Bundles - 	Entry: C:\Users\ashish.juyal\.p2\pool\plugins\org.eclipse.m2e.maven.runtime_3.9.600.20231203-1234\jars\maven-repository-metadata-3.9.6.jar
2024-04-30 15:12:19,592 [Worker-64: Launching Executing test in C__Users_ashish.juyal_OneDrive - Alegeus Technologies LLC_Desktop_maven_cicd-project_CICD_DataBuild] INFO  o.eclipse.m2e.core.internal.Bundles - 	Entry: C:\Users\ashish.juyal\.p2\pool\plugins\org.eclipse.m2e.maven.runtime_3.9.600.20231203-1234\jars\maven-resolver-api-1.9.18.jar
2024-04-30 15:12:19,593 [Worker-64: Launching Executing test in C__Users_ashish.juyal_OneDrive - Alegeus Technologies LLC_Desktop_maven_cicd-project_CICD_DataBuild] INFO  o.eclipse.m2e.core.internal.Bundles - 	Entry: C:\Users\ashish.juyal\.p2\pool\plugins\org.eclipse.m2e.maven.runtime_3.9.600.20231203-1234\jars\maven-resolver-connector-basic-1.9.18.jar
2024-04-30 15:12:19,593 [Worker-64: Launching Executing test in C__Users_ashish.juyal_OneDrive - Alegeus Technologies LLC_Desktop_maven_cicd-project_CICD_DataBuild] INFO  o.eclipse.m2e.core.internal.Bundles - 	Entry: C:\Users\ashish.juyal\.p2\pool\plugins\org.eclipse.m2e.maven.runtime_3.9.600.20231203-1234\jars\maven-resolver-impl-1.9.18.jar
2024-04-30 15:12:19,593 [Worker-64: Launching Executing test in C__Users_ashish.juyal_OneDrive - Alegeus Technologies LLC_Desktop_maven_cicd-project_CICD_DataBuild] INFO  o.eclipse.m2e.core.internal.Bundles - 	Entry: C:\Users\ashish.juyal\.p2\pool\plugins\org.eclipse.m2e.maven.runtime_3.9.600.20231203-1234\jars\maven-resolver-named-locks-1.9.18.jar
2024-04-30 15:12:19,593 [Worker-64: Launching Executing test in C__Users_ashish.juyal_OneDrive - Alegeus Technologies LLC_Desktop_maven_cicd-project_CICD_DataBuild] INFO  o.eclipse.m2e.core.internal.Bundles - 	Entry: C:\Users\ashish.juyal\.p2\pool\plugins\org.eclipse.m2e.maven.runtime_3.9.600.20231203-1234\jars\maven-resolver-provider-3.9.6.jar
2024-04-30 15:12:19,593 [Worker-64: Launching Executing test in C__Users_ashish.juyal_OneDrive - Alegeus Technologies LLC_Desktop_maven_cicd-project_CICD_DataBuild] INFO  o.eclipse.m2e.core.internal.Bundles - 	Entry: C:\Users\ashish.juyal\.p2\pool\plugins\org.eclipse.m2e.maven.runtime_3.9.600.20231203-1234\jars\maven-resolver-spi-1.9.18.jar
2024-04-30 15:12:19,593 [Worker-64: Launching Executing test in C__Users_ashish.juyal_OneDrive - Alegeus Technologies LLC_Desktop_maven_cicd-project_CICD_DataBuild] INFO  o.eclipse.m2e.core.internal.Bundles - 	Entry: C:\Users\ashish.juyal\.p2\pool\plugins\org.eclipse.m2e.maven.runtime_3.9.600.20231203-1234\jars\maven-resolver-transport-file-1.9.18.jar
2024-04-30 15:12:19,593 [Worker-64: Launching Executing test in C__Users_ashish.juyal_OneDrive - Alegeus Technologies LLC_Desktop_maven_cicd-project_CICD_DataBuild] INFO  o.eclipse.m2e.core.internal.Bundles - 	Entry: C:\Users\ashish.juyal\.p2\pool\plugins\org.eclipse.m2e.maven.runtime_3.9.600.20231203-1234\jars\maven-resolver-transport-http-1.9.18.jar
2024-04-30 15:12:19,593 [Worker-64: Launching Executing test in C__Users_ashish.juyal_OneDrive - Alegeus Technologies LLC_Desktop_maven_cicd-project_CICD_DataBuild] INFO  o.eclipse.m2e.core.internal.Bundles - 	Entry: C:\Users\ashish.juyal\.p2\pool\plugins\org.eclipse.m2e.maven.runtime_3.9.600.20231203-1234\jars\maven-resolver-transport-wagon-1.9.18.jar
2024-04-30 15:12:19,594 [Worker-64: Launching Executing test in C__Users_ashish.juyal_OneDrive - Alegeus Technologies LLC_Desktop_maven_cicd-project_CICD_DataBuild] INFO  o.eclipse.m2e.core.internal.Bundles - 	Entry: C:\Users\ashish.juyal\.p2\pool\plugins\org.eclipse.m2e.maven.runtime_3.9.600.20231203-1234\jars\maven-resolver-util-1.9.18.jar
2024-04-30 15:12:19,594 [Worker-64: Launching Executing test in C__Users_ashish.juyal_OneDrive - Alegeus Technologies LLC_Desktop_maven_cicd-project_CICD_DataBuild] INFO  o.eclipse.m2e.core.internal.Bundles - 	Entry: C:\Users\ashish.juyal\.p2\pool\plugins\org.eclipse.m2e.maven.runtime_3.9.600.20231203-1234\jars\maven-settings-3.9.6.jar
2024-04-30 15:12:19,594 [Worker-64: Launching Executing test in C__Users_ashish.juyal_OneDrive - Alegeus Technologies LLC_Desktop_maven_cicd-project_CICD_DataBuild] INFO  o.eclipse.m2e.core.internal.Bundles - 	Entry: C:\Users\ashish.juyal\.p2\pool\plugins\org.eclipse.m2e.maven.runtime_3.9.600.20231203-1234\jars\maven-settings-builder-3.9.6.jar
2024-04-30 15:12:19,594 [Worker-64: Launching Executing test in C__Users_ashish.juyal_OneDrive - Alegeus Technologies LLC_Desktop_maven_cicd-project_CICD_DataBuild] INFO  o.eclipse.m2e.core.internal.Bundles - 	Entry: C:\Users\ashish.juyal\.p2\pool\plugins\org.eclipse.m2e.maven.runtime_3.9.600.20231203-1234\jars\maven-shared-utils-3.3.4.jar
2024-04-30 15:12:19,594 [Worker-64: Launching Executing test in C__Users_ashish.juyal_OneDrive - Alegeus Technologies LLC_Desktop_maven_cicd-project_CICD_DataBuild] INFO  o.eclipse.m2e.core.internal.Bundles - 	Entry: C:\Users\ashish.juyal\.p2\pool\plugins\org.eclipse.m2e.maven.runtime_3.9.600.20231203-1234\jars\org.eclipse.sisu.inject-0.9.0.M2.jar
2024-04-30 15:12:19,594 [Worker-64: Launching Executing test in C__Users_ashish.juyal_OneDrive - Alegeus Technologies LLC_Desktop_maven_cicd-project_CICD_DataBuild] INFO  o.eclipse.m2e.core.internal.Bundles - 	Entry: C:\Users\ashish.juyal\.p2\pool\plugins\org.eclipse.m2e.maven.runtime_3.9.600.20231203-1234\jars\org.eclipse.sisu.plexus-0.9.0.M2.jar
2024-04-30 15:12:19,594 [Worker-64: Launching Executing test in C__Users_ashish.juyal_OneDrive - Alegeus Technologies LLC_Desktop_maven_cicd-project_CICD_DataBuild] INFO  o.eclipse.m2e.core.internal.Bundles - 	Entry: C:\Users\ashish.juyal\.p2\pool\plugins\org.eclipse.m2e.maven.runtime_3.9.600.20231203-1234\jars\plexus-build-api-0.0.7.jar
2024-04-30 15:12:19,594 [Worker-64: Launching Executing test in C__Users_ashish.juyal_OneDrive - Alegeus Technologies LLC_Desktop_maven_cicd-project_CICD_DataBuild] INFO  o.eclipse.m2e.core.internal.Bundles - 	Entry: C:\Users\ashish.juyal\.p2\pool\plugins\org.eclipse.m2e.maven.runtime_3.9.600.20231203-1234\jars\plexus-cipher-2.0.jar
2024-04-30 15:12:19,595 [Worker-64: Launching Executing test in C__Users_ashish.juyal_OneDrive - Alegeus Technologies LLC_Desktop_maven_cicd-project_CICD_DataBuild] INFO  o.eclipse.m2e.core.internal.Bundles - 	Entry: C:\Users\ashish.juyal\.p2\pool\plugins\org.eclipse.m2e.maven.runtime_3.9.600.20231203-1234\jars\plexus-classworlds-2.7.0.jar
2024-04-30 15:12:19,595 [Worker-64: Launching Executing test in C__Users_ashish.juyal_OneDrive - Alegeus Technologies LLC_Desktop_maven_cicd-project_CICD_DataBuild] INFO  o.eclipse.m2e.core.internal.Bundles - 	Entry: C:\Users\ashish.juyal\.p2\pool\plugins\org.eclipse.m2e.maven.runtime_3.9.600.20231203-1234\jars\plexus-component-annotations-2.1.0.jar
2024-04-30 15:12:19,595 [Worker-64: Launching Executing test in C__Users_ashish.juyal_OneDrive - Alegeus Technologies LLC_Desktop_maven_cicd-project_CICD_DataBuild] INFO  o.eclipse.m2e.core.internal.Bundles - 	Entry: C:\Users\ashish.juyal\.p2\pool\plugins\org.eclipse.m2e.maven.runtime_3.9.600.20231203-1234\jars\plexus-interpolation-1.26.jar
2024-04-30 15:12:19,595 [Worker-64: Launching Executing test in C__Users_ashish.juyal_OneDrive - Alegeus Technologies LLC_Desktop_maven_cicd-project_CICD_DataBuild] INFO  o.eclipse.m2e.core.internal.Bundles - 	Entry: C:\Users\ashish.juyal\.p2\pool\plugins\org.eclipse.m2e.maven.runtime_3.9.600.20231203-1234\jars\plexus-sec-dispatcher-2.0.jar
2024-04-30 15:12:19,595 [Worker-64: Launching Executing test in C__Users_ashish.juyal_OneDrive - Alegeus Technologies LLC_Desktop_maven_cicd-project_CICD_DataBuild] INFO  o.eclipse.m2e.core.internal.Bundles - 	Entry: C:\Users\ashish.juyal\.p2\pool\plugins\org.eclipse.m2e.maven.runtime_3.9.600.20231203-1234\jars\plexus-utils-3.5.1.jar
2024-04-30 15:12:19,595 [Worker-64: Launching Executing test in C__Users_ashish.juyal_OneDrive - Alegeus Technologies LLC_Desktop_maven_cicd-project_CICD_DataBuild] INFO  o.eclipse.m2e.core.internal.Bundles - 	Entry: C:\Users\ashish.juyal\.p2\pool\plugins\org.eclipse.m2e.maven.runtime_3.9.600.20231203-1234\jars\wagon-file-3.5.3.jar
2024-04-30 15:12:19,595 [Worker-64: Launching Executing test in C__Users_ashish.juyal_OneDrive - Alegeus Technologies LLC_Desktop_maven_cicd-project_CICD_DataBuild] INFO  o.eclipse.m2e.core.internal.Bundles - 	Entry: C:\Users\ashish.juyal\.p2\pool\plugins\org.eclipse.m2e.maven.runtime_3.9.600.20231203-1234\jars\wagon-http-3.5.3.jar
2024-04-30 15:12:19,596 [Worker-64: Launching Executing test in C__Users_ashish.juyal_OneDrive - Alegeus Technologies LLC_Desktop_maven_cicd-project_CICD_DataBuild] INFO  o.eclipse.m2e.core.internal.Bundles - 	Entry: C:\Users\ashish.juyal\.p2\pool\plugins\org.eclipse.m2e.maven.runtime_3.9.600.20231203-1234\jars\wagon-http-shared-3.5.3.jar
2024-04-30 15:12:19,596 [Worker-64: Launching Executing test in C__Users_ashish.juyal_OneDrive - Alegeus Technologies LLC_Desktop_maven_cicd-project_CICD_DataBuild] INFO  o.eclipse.m2e.core.internal.Bundles - 	Entry: C:\Users\ashish.juyal\.p2\pool\plugins\org.eclipse.m2e.maven.runtime_3.9.600.20231203-1234\jars\wagon-provider-api-3.5.3.jar
2024-04-30 15:12:19,597 [Worker-64: Launching Executing test in C__Users_ashish.juyal_OneDrive - Alegeus Technologies LLC_Desktop_maven_cicd-project_CICD_DataBuild] INFO  o.eclipse.m2e.core.internal.Bundles - getClasspathEntries(Bundle=com.google.guava_33.0.0.jre [10])
2024-04-30 15:12:19,599 [Worker-64: Launching Executing test in C__Users_ashish.juyal_OneDrive - Alegeus Technologies LLC_Desktop_maven_cicd-project_CICD_DataBuild] INFO  o.eclipse.m2e.core.internal.Bundles - 	Entry: C:\Users\ashish.juyal\.p2\pool\plugins\com.google.guava_33.0.0.jre.jar
2024-04-30 15:12:19,599 [Worker-64: Launching Executing test in C__Users_ashish.juyal_OneDrive - Alegeus Technologies LLC_Desktop_maven_cicd-project_CICD_DataBuild] INFO  o.eclipse.m2e.core.internal.Bundles - getClasspathEntries(Bundle=slf4j.api_2.0.12 [519])
2024-04-30 15:12:19,600 [Worker-64: Launching Executing test in C__Users_ashish.juyal_OneDrive - Alegeus Technologies LLC_Desktop_maven_cicd-project_CICD_DataBuild] INFO  o.eclipse.m2e.core.internal.Bundles - 	Entry: C:\Users\ashish.juyal\.p2\pool\plugins\slf4j.api_2.0.12.jar
2024-04-30 15:12:19,600 [Worker-64: Launching Executing test in C__Users_ashish.juyal_OneDrive - Alegeus Technologies LLC_Desktop_maven_cicd-project_CICD_DataBuild] INFO  o.eclipse.m2e.core.internal.Bundles - getClasspathEntries(Bundle=jakarta.inject.jakarta.inject-api_1.0.5 [22])
2024-04-30 15:12:19,601 [Worker-64: Launching Executing test in C__Users_ashish.juyal_OneDrive - Alegeus Technologies LLC_Desktop_maven_cicd-project_CICD_DataBuild] INFO  o.eclipse.m2e.core.internal.Bundles - 	Entry: C:\Users\ashish.juyal\.p2\pool\plugins\jakarta.inject.jakarta.inject-api_1.0.5.jar
2024-04-30 15:12:19,601 [Worker-64: Launching Executing test in C__Users_ashish.juyal_OneDrive - Alegeus Technologies LLC_Desktop_maven_cicd-project_CICD_DataBuild] INFO  o.eclipse.m2e.core.internal.Bundles - getClasspathEntries(Bundle=jakarta.annotation-api_1.3.5 [20])
2024-04-30 15:12:19,601 [Worker-64: Launching Executing test in C__Users_ashish.juyal_OneDrive - Alegeus Technologies LLC_Desktop_maven_cicd-project_CICD_DataBuild] INFO  o.eclipse.m2e.core.internal.Bundles - 	Entry: C:\Users\ashish.juyal\.p2\pool\plugins\jakarta.annotation-api_1.3.5.jar
2024-04-30 15:12:19,601 [Worker-64: Launching Executing test in C__Users_ashish.juyal_OneDrive - Alegeus Technologies LLC_Desktop_maven_cicd-project_CICD_DataBuild] INFO  o.eclipse.m2e.core.internal.Bundles - getClasspathEntries(Bundle=org.apache.commons.cli_1.6.0 [46])
2024-04-30 15:12:19,602 [Worker-64: Launching Executing test in C__Users_ashish.juyal_OneDrive - Alegeus Technologies LLC_Desktop_maven_cicd-project_CICD_DataBuild] INFO  o.eclipse.m2e.core.internal.Bundles - 	Entry: C:\Users\ashish.juyal\.p2\pool\plugins\org.apache.commons.cli_1.6.0.jar
2024-04-30 15:12:19,602 [Worker-64: Launching Executing test in C__Users_ashish.juyal_OneDrive - Alegeus Technologies LLC_Desktop_maven_cicd-project_CICD_DataBuild] INFO  o.eclipse.m2e.core.internal.Bundles - getClasspathEntries(Bundle=org.apache.commons.commons-codec_1.16.0 [47])
2024-04-30 15:12:19,603 [Worker-64: Launching Executing test in C__Users_ashish.juyal_OneDrive - Alegeus Technologies LLC_Desktop_maven_cicd-project_CICD_DataBuild] INFO  o.eclipse.m2e.core.internal.Bundles - 	Entry: C:\Users\ashish.juyal\.p2\pool\plugins\org.apache.commons.commons-codec_1.16.0.jar
2024-04-30 15:12:19,603 [Worker-64: Launching Executing test in C__Users_ashish.juyal_OneDrive - Alegeus Technologies LLC_Desktop_maven_cicd-project_CICD_DataBuild] INFO  o.eclipse.m2e.core.internal.Bundles - getClasspathEntries(Bundle=org.apache.commons.lang3_3.14.0 [53])
2024-04-30 15:12:19,603 [Worker-64: Launching Executing test in C__Users_ashish.juyal_OneDrive - Alegeus Technologies LLC_Desktop_maven_cicd-project_CICD_DataBuild] INFO  o.eclipse.m2e.core.internal.Bundles - 	Entry: C:\Users\ashish.juyal\.p2\pool\plugins\org.apache.commons.lang3_3.14.0.jar
2024-04-30 15:12:19,604 [Worker-64: Launching Executing test in C__Users_ashish.juyal_OneDrive - Alegeus Technologies LLC_Desktop_maven_cicd-project_CICD_DataBuild] INFO  o.eclipse.m2e.core.internal.Bundles - getClasspathEntries(Bundle=com.google.guava.failureaccess_1.0.2 [11])
2024-04-30 15:12:19,604 [Worker-64: Launching Executing test in C__Users_ashish.juyal_OneDrive - Alegeus Technologies LLC_Desktop_maven_cicd-project_CICD_DataBuild] INFO  o.eclipse.m2e.core.internal.Bundles - 	Entry: C:\Users\ashish.juyal\.p2\pool\plugins\com.google.guava.failureaccess_1.0.2.jar
2024-04-30 15:12:19,607 [Worker-64: Launching Executing test in C__Users_ashish.juyal_OneDrive - Alegeus Technologies LLC_Desktop_maven_cicd-project_CICD_DataBuild] INFO  o.e.m.i.launch.MavenLaunchDelegate - Run build in "C:\Users\ashish.juyal\OneDrive - Alegeus Technologies LLC\Desktop\maven\cicd-project\CICD\DataBuild":
2024-04-30 15:12:19,608 [Worker-64: Launching Executing test in C__Users_ashish.juyal_OneDrive - Alegeus Technologies LLC_Desktop_maven_cicd-project_CICD_DataBuild] INFO  o.e.m.i.launch.MavenLaunchDelegate -  mvn  -B -Dstyle.color=always test
